<?xml version="1.0" encoding="UTF-8"?>
<!-- Generated by org.testng.reporters.JUnitReportReporter -->
<testsuite hostname="Gowtham" failures="0" tests="1" name="runners.MyTestRunner" time="71.593" errors="0" timestamp="2025-09-06T16:06:16 IST" skipped="0">
  <testcase classname="runners.MyTestRunner" name="runScenario" time="71.593"/>
</testsuite> <!-- runners.MyTestRunner -->
